<?xml version="1.0" encoding="UTF-8"?>
<!-- Generated by org.testng.reporters.JUnitXMLReporter -->
<testsuite ignored="9" hostname="DESKTOP-M75R6AP" failures="1" tests="1" name="Default test" time="15.448" errors="0" timestamp="2023-02-15T10:27:50 IST">
  <testcase classname="Test.HomePageTest" name="compareLogoTest" time="0.51">
    <failure type="javax.imageio.IIOException" message="Can&amp;apos;t read input file!">
      <![CDATA[javax.imageio.IIOException: Can't read input file!
at java.desktop/javax.imageio.ImageIO.read(ImageIO.java:1310)
at Test.HomePageTest.compareLogoTest(HomePageTest.java:117)
at java.base/jdk.internal.reflect.NativeMethodAccessorImpl.invoke0(Native Method)
at java.base/jdk.internal.reflect.NativeMethodAccessorImpl.invoke(NativeMethodAccessorImpl.java:77)
at java.base/jdk.internal.reflect.DelegatingMethodAccessorImpl.invoke(DelegatingMethodAccessorImpl.java:43)
at java.base/java.lang.reflect.Method.invoke(Method.java:568)
at org.testng.internal.invokers.MethodInvocationHelper.invokeMethod(MethodInvocationHelper.java:139)
at org.testng.internal.invokers.TestInvoker.invokeMethod(TestInvoker.java:677)
at org.testng.internal.invokers.TestInvoker.invokeTestMethod(TestInvoker.java:221)
at org.testng.internal.invokers.MethodRunner.runInSequence(MethodRunner.java:50)
at org.testng.internal.invokers.TestInvoker$MethodInvocationAgent.invoke(TestInvoker.java:962)
at org.testng.internal.invokers.TestInvoker.invokeTestMethods(TestInvoker.java:194)
at org.testng.internal.invokers.TestMethodWorker.invokeTestMethods(TestMethodWorker.java:148)
at org.testng.internal.invokers.TestMethodWorker.run(TestMethodWorker.java:128)
at java.base/java.util.ArrayList.forEach(ArrayList.java:1511)
at org.testng.TestRunner.privateRun(TestRunner.java:806)
at org.testng.TestRunner.run(TestRunner.java:601)
at org.testng.SuiteRunner.runTest(SuiteRunner.java:433)
at org.testng.SuiteRunner.runSequentially(SuiteRunner.java:427)
at org.testng.SuiteRunner.privateRun(SuiteRunner.java:387)
at org.testng.SuiteRunner.run(SuiteRunner.java:330)
at org.testng.SuiteRunnerWorker.runSuite(SuiteRunnerWorker.java:52)
at org.testng.SuiteRunnerWorker.run(SuiteRunnerWorker.java:95)
at org.testng.TestNG.runSuitesSequentially(TestNG.java:1256)
at org.testng.TestNG.runSuitesLocally(TestNG.java:1176)
at org.testng.TestNG.runSuites(TestNG.java:1099)
at org.testng.TestNG.run(TestNG.java:1067)
at org.testng.remote.AbstractRemoteTestNG.run(AbstractRemoteTestNG.java:115)
at org.testng.remote.RemoteTestNG.initAndRun(RemoteTestNG.java:251)
at org.testng.remote.RemoteTestNG.main(RemoteTestNG.java:77)
]]>
    </failure>
  </testcase> <!-- compareLogoTest -->
  <testcase classname="Test.HomePageTest" name="verifyurlTest" time="0.0">
    <ignored/>
  </testcase> <!-- verifyurlTest -->
  <testcase classname="Test.HomePageTest" name="verifyText" time="0.0">
    <ignored/>
  </testcase> <!-- verifyText -->
  <testcase classname="Test.HomePageTest" name="verifyLoginbutton" time="0.0">
    <ignored/>
  </testcase> <!-- verifyLoginbutton -->
  <testcase classname="Test.HomePageTest" name="verifyPassworTextbox" time="0.0">
    <ignored/>
  </testcase> <!-- verifyPassworTextbox -->
  <testcase classname="Test.HomePageTest" name="VerifytitleTest" time="0.0">
    <ignored/>
  </testcase> <!-- VerifytitleTest -->
  <testcase classname="Test.HomePageTest" name="capturelogo" time="0.0">
    <ignored/>
  </testcase> <!-- capturelogo -->
  <testcase classname="Test.HomePageTest" name="verifyForgotpasswordlink" time="0.0">
    <ignored/>
  </testcase> <!-- verifyForgotpasswordlink -->
  <testcase classname="Test.HomePageTest" name="verifyCreateAccountbutton" time="0.0">
    <ignored/>
  </testcase> <!-- verifyCreateAccountbutton -->
  <testcase classname="Test.HomePageTest" name="verifyUsernametextbox" time="0.0">
    <ignored/>
  </testcase> <!-- verifyUsernametextbox -->
</testsuite> <!-- Default test -->
